    DBI 1.643-ithread default trace level set to 0x0/1 (pid 920402 pi 5567f1a1f2a0) at - line 10
    <- prepare('select * from employees limit 10')= ( DBI::st=HASH(0x5567f2131c50) ) [1 items] at - line 12
    DBI 1.643-ithread default trace level set to 0x0/2 (pid 920402 pi 5567f1a1f2a0) at - line 14
    -> fetchrow_array for DBD::mysql::st (DBI::st=HASH(0x5567f2131c50)~0x5567f2131a40) thr#5567f1a1f2a0
	-> dbd_st_fetch
		dbd_st_fetch for 5567f2000c98, chopblanks 0
		--> do_error
fetch() without execute() error 19 recorded: fetch() without execute()
		<-- do_error
    !! ERROR: 19 'fetch() without execute()' (err#0)
    <- fetchrow_array= ( ) [0 items] row-1 at - line 16
    !! The ERROR '19' was CLEARED by call to disconnect method
    -> disconnect for DBD::mysql::db (DBI::db=HASH(0x5567f2127ab8)~0x5567f21318d8) thr#5567f1a1f2a0
imp_dbh->pmysql: 5567f210b110
    <- disconnect= ( 1 ) [1 items] at - line 22
    -> DESTROY for DBD::mysql::st (DBI::st=HASH(0x5567f2131a40)~INNER) thr#5567f1a1f2a0
    <- DESTROY= ( undef ) [1 items] at - line 22
    -- DBI::END ($@: , $!: )
    -> disconnect_all for DBD::mysql::dr (DBI::dr=HASH(0x5567f20f7a30)~0x5567f20f7ad8) thr#5567f1a1f2a0
    <- disconnect_all= ( ) [0 items] (not implemented) at DBI.pm line 758
!   -> DESTROY in DBD::_::common for DBD::mysql::dr (DBI::dr=HASH(0x5567f20f7ad8)~INNER) thr#5567f1a1f2a0
!   <- DESTROY= ( undef ) [1 items] during global destruction
!   -> DESTROY for DBD::mysql::db (DBI::db=HASH(0x5567f21318d8)~INNER) thr#5567f1a1f2a0
!   <- DESTROY= ( undef ) [1 items] during global destruction
